<?xml version="1.0" encoding="UTF-8"?>
<testsuite name="SimpleCalculatorTest" tests="4" skipped="0" failures="0" errors="0" timestamp="2020-12-04T02:57:04" hostname="DESKTOP-FLOOQD7" time="0.021">
  <properties/>
  <testcase name="testAdd" classname="SimpleCalculatorTest" time="0.006"/>
  <testcase name="testDiv" classname="SimpleCalculatorTest" time="0.0"/>
  <testcase name="testMul" classname="SimpleCalculatorTest" time="0.0"/>
  <testcase name="testSub" classname="SimpleCalculatorTest" time="0.013"/>
  <system-out><![CDATA[]]></system-out>
  <system-err><![CDATA[]]></system-err>
</testsuite>
